
> mazhar-dergisi@2.0.0 build
> next build

  ▲ Next.js 14.2.33

   Creating an optimized production build ...
 ✓ Compiled successfully
   Linting and checking validity of types ...
   Collecting page data ...
 ⚠ Using edge runtime on a page currently disables static generation for that page
   Generating static pages (0/30) ...
   Generating static pages (7/30) 
   Generating static pages (14/30) 
 ⚠ metadataBase property in metadata export is not set for resolving social open graph or twitter images, using "http://localhost:3000". See https://nextjs.org/docs/app/api-reference/functions/generate-metadata#metadatabase
 ⚠ metadataBase property in metadata export is not set for resolving social open graph or twitter images, using "http://localhost:3000". See https://nextjs.org/docs/app/api-reference/functions/generate-metadata#metadatabase
 ⚠ metadataBase property in metadata export is not set for resolving social open graph or twitter images, using "http://localhost:3000". See https://nextjs.org/docs/app/api-reference/functions/generate-metadata#metadatabase
 ⚠ metadataBase property in metadata export is not set for resolving social open graph or twitter images, using "http://localhost:3000". See https://nextjs.org/docs/app/api-reference/functions/generate-metadata#metadatabase
 ⚠ metadataBase property in metadata export is not set for resolving social open graph or twitter images, using "http://localhost:3000". See https://nextjs.org/docs/app/api-reference/functions/generate-metadata#metadatabase
   Generating static pages (22/30) 
 ⚠ metadataBase property in metadata export is not set for resolving social open graph or twitter images, using "http://localhost:3000". See https://nextjs.org/docs/app/api-reference/functions/generate-metadata#metadatabase
 ✓ Generating static pages (30/30)
   Finalizing page optimization ...
   Collecting build traces ...

Route (app)                               Size     First Load JS
┌ ○ /                                     1.55 kB          98 kB
├ ○ /_not-found                           159 B            88 kB
├ ƒ /api                                  0 B                0 B
├ ƒ /api/author-application               0 B                0 B
├ ƒ /api/contact                          0 B                0 B
├ ƒ /api/og                               0 B                0 B
├ ○ /api/stats                            0 B                0 B
├ ƒ /api/view                             0 B                0 B
├ ○ /dashboard                            2.9 kB         99.4 kB
├ ○ /feed                                 0 B                0 B
├ ○ /feed.json                            0 B                0 B
├ ○ /hakkimizda                           189 B          96.7 kB
├ ○ /iletisim                             1.45 kB        89.3 kB
├ ○ /offline                              949 B          88.8 kB
├ ● /oku/[id]                             1.4 kB         89.2 kB
├   ├ /oku/issue_008
├   └ /oku/issue_009
├ ○ /sayilar                              189 B          96.7 kB
├ ○ /yazar-ol                             1.88 kB        89.7 kB
├ ○ /yazarlar                             1.7 kB          105 kB
├ ● /yazarlar/[slug]                      189 B          96.7 kB
├   ├ /yazarlar/mehmet-oktay-yetis
├   ├ /yazarlar/furkan-ahmet-aydin
├   ├ /yazarlar/ahmet-talha-camci
├   └ /yazarlar/ayse-nur-kaya
├ ○ /yazilar                              10.3 kB         114 kB
└ ● /yazilar/[slug]                       6.14 kB         103 kB
    ├ /yazilar/gurbet-ayrilik-ozlem
    ├ /yazilar/otogar-gurbet-ben-aglamak
    ├ /yazilar/estetik-goze-mi-kalbe-mi
    └ [+2 more paths]
+ First Load JS shared by all             87.8 kB
  ├ chunks/117-3d30ca53b32a0224.js        31.7 kB
  ├ chunks/fd9d1056-6856237980f9b64d.js   53.7 kB
  └ other shared chunks (total)           2.43 kB


○  (Static)   prerendered as static content
●  (SSG)      prerendered as static HTML (uses getStaticProps)
ƒ  (Dynamic)  server-rendered on demand

